<?xml version="1.0" encoding="UTF-8"?>
<testng-results total="1" passed="1" failed="0" skipped="0">
  <reporter-output>
  </reporter-output>
  <suite started-at="2022-01-06T15:20:24Z" name="Default suite" finished-at="2022-01-06T15:20:52Z" duration-ms="27514">
    <groups>
    </groups>
    <test started-at="2022-01-06T15:20:24Z" name="Default test" finished-at="2022-01-06T15:20:52Z" duration-ms="27514">
      <class name="Practice.TestngDemo.TestngDemoClass">
        <test-method signature="test()[pri:0, instance:Practice.TestngDemo.TestngDemoClass@6ff29830]" started-at="2022-01-06T20:50:24Z" name="test" finished-at="2022-01-06T20:50:52Z" duration-ms="27513" status="PASS">
          <reporter-output>
          </reporter-output>
        </test-method> <!-- test -->
      </class> <!-- Practice.TestngDemo.TestngDemoClass -->
    </test> <!-- Default test -->
  </suite> <!-- Default suite -->
</testng-results>
